<?xml version="1.0" encoding="UTF-8"?>
<testsuite xmlns:xsi="http://www.w3.org/2001/XMLSchema-instance" xsi:noNamespaceSchemaLocation="https://maven.apache.org/surefire/maven-surefire-plugin/xsd/surefire-test-report.xsd" name="ru.yandex.praktikum.CourierTest" time="4.657" tests="5" errors="0" skipped="0" failures="0">
  <properties>
[...]
</properties>
  <testcase name="createCourierFalseWithoutPassword" classname="ru.yandex.praktikum.CourierTest" time="0.326"/>
  <testcase name="createCourierTrueWithoutFirstName" classname="ru.yandex.praktikum.CourierTest" time="1.176"/>
  <testcase name="createCourierFalseWithoutLogin" classname="ru.yandex.praktikum.CourierTest" time="0.38"/>
  <testcase name="createDoubleCourierFalse" classname="ru.yandex.praktikum.CourierTest" time="1.532"/>
  <testcase name="createCourierTrue" classname="ru.yandex.praktikum.CourierTest" time="1.24"/>
</testsuite>